<?xml version="1.0" encoding="UTF-8"?>
<robot generator="Robot 6.1.1 (Python 3.10.12 on linux)" generated="20241113 11:10:22.403" rpa="false" schemaversion="4">
<suite id="s1" name="Tests" source="/home/jokijenn/ohtu/palautusrepositorio/viikko3/hello-robot/src/tests">
<suite id="s1-s1" name="Increase Counter" source="/home/jokijenn/ohtu/palautusrepositorio/viikko3/hello-robot/src/tests/increase_counter.robot">
<test id="s1-s1-t1" name="Increase Counter Once" line="5">
<kw name="Counter Value Should Be" library="CounterLibrary">
<arg>0</arg>
<status status="PASS" starttime="20241113 11:10:22.414" endtime="20241113 11:10:22.415"/>
</kw>
<kw name="Increase Counter" library="CounterLibrary">
<status status="PASS" starttime="20241113 11:10:22.415" endtime="20241113 11:10:22.415"/>
</kw>
<kw name="Counter Value Should Be" library="CounterLibrary">
<arg>1</arg>
<status status="PASS" starttime="20241113 11:10:22.415" endtime="20241113 11:10:22.415"/>
</kw>
<status status="PASS" starttime="20241113 11:10:22.414" endtime="20241113 11:10:22.415"/>
</test>
<test id="s1-s1-t2" name="Increase Counter Many Times" line="10">
<kw name="Counter Value Should Be" library="CounterLibrary">
<arg>0</arg>
<status status="PASS" starttime="20241113 11:10:22.415" endtime="20241113 11:10:22.415"/>
</kw>
<kw name="Increase Counter" library="CounterLibrary">
<status status="PASS" starttime="20241113 11:10:22.415" endtime="20241113 11:10:22.415"/>
</kw>
<kw name="Increase Counter" library="CounterLibrary">
<status status="PASS" starttime="20241113 11:10:22.415" endtime="20241113 11:10:22.415"/>
</kw>
<kw name="Increase Counter" library="CounterLibrary">
<status status="PASS" starttime="20241113 11:10:22.415" endtime="20241113 11:10:22.416"/>
</kw>
<kw name="Counter Value Should Be" library="CounterLibrary">
<arg>3</arg>
<status status="PASS" starttime="20241113 11:10:22.416" endtime="20241113 11:10:22.416"/>
</kw>
<status status="PASS" starttime="20241113 11:10:22.415" endtime="20241113 11:10:22.416"/>
</test>
<test id="s1-s1-t3" name="Increment Counter By Amount" line="17">
<kw name="Counter Value Should Be" library="CounterLibrary">
<arg>0</arg>
<status status="PASS" starttime="20241113 11:10:22.416" endtime="20241113 11:10:22.416"/>
</kw>
<kw name="Increment Counter By" library="CounterLibrary">
<arg>5</arg>
<status status="PASS" starttime="20241113 11:10:22.416" endtime="20241113 11:10:22.416"/>
</kw>
<kw name="Counter Value Should Be" library="CounterLibrary">
<arg>5</arg>
<status status="PASS" starttime="20241113 11:10:22.416" endtime="20241113 11:10:22.416"/>
</kw>
<status status="PASS" starttime="20241113 11:10:22.416" endtime="20241113 11:10:22.416"/>
</test>
<status status="PASS" starttime="20241113 11:10:22.413" endtime="20241113 11:10:22.416"/>
</suite>
<suite id="s1-s2" name="Reset Counter" source="/home/jokijenn/ohtu/palautusrepositorio/viikko3/hello-robot/src/tests/reset_counter.robot">
<test id="s1-s2-t1" name="Reset Counter After One Increment" line="5">
<kw name="Counter Value Should Be" library="CounterLibrary">
<arg>0</arg>
<status status="PASS" starttime="20241113 11:10:22.418" endtime="20241113 11:10:22.418"/>
</kw>
<kw name="Increase Counter" library="CounterLibrary">
<status status="PASS" starttime="20241113 11:10:22.418" endtime="20241113 11:10:22.418"/>
</kw>
<kw name="Counter Value Should Be" library="CounterLibrary">
<arg>1</arg>
<status status="PASS" starttime="20241113 11:10:22.418" endtime="20241113 11:10:22.418"/>
</kw>
<kw name="Reset Counter" library="CounterLibrary">
<status status="PASS" starttime="20241113 11:10:22.418" endtime="20241113 11:10:22.418"/>
</kw>
<kw name="Counter Value Should Be" library="CounterLibrary">
<arg>0</arg>
<status status="PASS" starttime="20241113 11:10:22.418" endtime="20241113 11:10:22.418"/>
</kw>
<status status="PASS" starttime="20241113 11:10:22.418" endtime="20241113 11:10:22.418"/>
</test>
<test id="s1-s2-t2" name="Reset Counter After Several Increments Amount" line="12">
<kw name="Counter Value Should Be" library="CounterLibrary">
<arg>0</arg>
<status status="PASS" starttime="20241113 11:10:22.419" endtime="20241113 11:10:22.419"/>
</kw>
<kw name="Increment Counter By" library="CounterLibrary">
<arg>5</arg>
<status status="PASS" starttime="20241113 11:10:22.419" endtime="20241113 11:10:22.419"/>
</kw>
<kw name="Counter Value Should Be" library="CounterLibrary">
<arg>5</arg>
<status status="PASS" starttime="20241113 11:10:22.419" endtime="20241113 11:10:22.419"/>
</kw>
<kw name="Reset Counter" library="CounterLibrary">
<status status="PASS" starttime="20241113 11:10:22.419" endtime="20241113 11:10:22.419"/>
</kw>
<kw name="Counter Value Should Be" library="CounterLibrary">
<arg>0</arg>
<status status="PASS" starttime="20241113 11:10:22.419" endtime="20241113 11:10:22.419"/>
</kw>
<status status="PASS" starttime="20241113 11:10:22.418" endtime="20241113 11:10:22.419"/>
</test>
<status status="PASS" starttime="20241113 11:10:22.417" endtime="20241113 11:10:22.419"/>
</suite>
<status status="PASS" starttime="20241113 11:10:22.404" endtime="20241113 11:10:22.420"/>
</suite>
<statistics>
<total>
<stat pass="5" fail="0" skip="0">All Tests</stat>
</total>
<tag>
</tag>
<suite>
<stat pass="5" fail="0" skip="0" id="s1" name="Tests">Tests</stat>
<stat pass="3" fail="0" skip="0" id="s1-s1" name="Increase Counter">Tests.Increase Counter</stat>
<stat pass="2" fail="0" skip="0" id="s1-s2" name="Reset Counter">Tests.Reset Counter</stat>
</suite>
</statistics>
<errors>
</errors>
</robot>
